{"/home/just-aga/Downloads/repos/odin-tdd-basics/analyzeArray.js": {"path":"/home/just-aga/Downloads/repos/odin-tdd-basics/analyzeArray.js","statementMap":{"0":{"start":{"line":2,"column":2},"end":{"line":4,"column":3}},"1":{"start":{"line":3,"column":4},"end":{"line":3,"column":66}},"2":{"start":{"line":6,"column":14},"end":{"line":9,"column":3}},"3":{"start":{"line":7,"column":35},"end":{"line":7,"column":61}},"4":{"start":{"line":10,"column":18},"end":{"line":10,"column":36}},"5":{"start":{"line":12,"column":14},"end":{"line":12,"column":32}},"6":{"start":{"line":14,"column":14},"end":{"line":14,"column":32}},"7":{"start":{"line":16,"column":17},"end":{"line":16,"column":29}},"8":{"start":{"line":18,"column":2},"end":{"line":23,"column":4}},"9":{"start":{"line":26,"column":0},"end":{"line":26,"column":30}}},"fnMap":{"0":{"name":"analyzeArray","decl":{"start":{"line":1,"column":9},"end":{"line":1,"column":21}},"loc":{"start":{"line":1,"column":29},"end":{"line":24,"column":1}},"line":1},"1":{"name":"(anonymous_1)","decl":{"start":{"line":7,"column":4},"end":{"line":7,"column":5}},"loc":{"start":{"line":7,"column":35},"end":{"line":7,"column":61}},"line":7}},"branchMap":{"0":{"loc":{"start":{"line":2,"column":2},"end":{"line":4,"column":3}},"type":"if","locations":[{"start":{"line":2,"column":2},"end":{"line":4,"column":3}},{"start":{},"end":{}}],"line":2},"1":{"loc":{"start":{"line":2,"column":6},"end":{"line":2,"column":49}},"type":"binary-expr","locations":[{"start":{"line":2,"column":6},"end":{"line":2,"column":27}},{"start":{"line":2,"column":31},"end":{"line":2,"column":49}}],"line":2}},"s":{"0":2,"1":1,"2":1,"3":6,"4":1,"5":1,"6":1,"7":1,"8":1,"9":1},"f":{"0":2,"1":6},"b":{"0":[1,1],"1":[2,2]},"_coverageSchema":"1a1c01bbd47fc00a2c39e90264f33305004495a9","hash":"c6317be0a8a852731e5b09a7d8f3d29655f42264"}
,"/home/just-aga/Downloads/repos/odin-tdd-basics/calculator.js": {"path":"/home/just-aga/Downloads/repos/odin-tdd-basics/calculator.js","statementMap":{"0":{"start":{"line":2,"column":14},"end":{"line":4,"column":3}},"1":{"start":{"line":3,"column":4},"end":{"line":3,"column":23}},"2":{"start":{"line":6,"column":19},"end":{"line":8,"column":3}},"3":{"start":{"line":7,"column":4},"end":{"line":7,"column":23}},"4":{"start":{"line":10,"column":17},"end":{"line":16,"column":3}},"5":{"start":{"line":11,"column":4},"end":{"line":13,"column":5}},"6":{"start":{"line":12,"column":6},"end":{"line":12,"column":34}},"7":{"start":{"line":15,"column":4},"end":{"line":15,"column":23}},"8":{"start":{"line":18,"column":19},"end":{"line":20,"column":3}},"9":{"start":{"line":19,"column":4},"end":{"line":19,"column":23}},"10":{"start":{"line":22,"column":2},"end":{"line":27,"column":4}},"11":{"start":{"line":30,"column":0},"end":{"line":30,"column":28}}},"fnMap":{"0":{"name":"calculator","decl":{"start":{"line":1,"column":9},"end":{"line":1,"column":19}},"loc":{"start":{"line":1,"column":22},"end":{"line":28,"column":1}},"line":1},"1":{"name":"(anonymous_1)","decl":{"start":{"line":2,"column":14},"end":{"line":2,"column":15}},"loc":{"start":{"line":2,"column":30},"end":{"line":4,"column":3}},"line":2},"2":{"name":"(anonymous_2)","decl":{"start":{"line":6,"column":19},"end":{"line":6,"column":20}},"loc":{"start":{"line":6,"column":35},"end":{"line":8,"column":3}},"line":6},"3":{"name":"(anonymous_3)","decl":{"start":{"line":10,"column":17},"end":{"line":10,"column":18}},"loc":{"start":{"line":10,"column":33},"end":{"line":16,"column":3}},"line":10},"4":{"name":"(anonymous_4)","decl":{"start":{"line":18,"column":19},"end":{"line":18,"column":20}},"loc":{"start":{"line":18,"column":35},"end":{"line":20,"column":3}},"line":18}},"branchMap":{"0":{"loc":{"start":{"line":11,"column":4},"end":{"line":13,"column":5}},"type":"if","locations":[{"start":{"line":11,"column":4},"end":{"line":13,"column":5}},{"start":{},"end":{}}],"line":11}},"s":{"0":1,"1":1,"2":1,"3":1,"4":1,"5":2,"6":1,"7":1,"8":1,"9":1,"10":1,"11":1},"f":{"0":1,"1":1,"2":1,"3":2,"4":1},"b":{"0":[1,1]},"_coverageSchema":"1a1c01bbd47fc00a2c39e90264f33305004495a9","hash":"08d34ad04e92b2efc650b65c1ff89c55790d914c"}
,"/home/just-aga/Downloads/repos/odin-tdd-basics/capitalize.js": {"path":"/home/just-aga/Downloads/repos/odin-tdd-basics/capitalize.js","statementMap":{"0":{"start":{"line":2,"column":2},"end":{"line":2,"column":47}},"1":{"start":{"line":5,"column":0},"end":{"line":5,"column":28}}},"fnMap":{"0":{"name":"capitalize","decl":{"start":{"line":1,"column":9},"end":{"line":1,"column":19}},"loc":{"start":{"line":1,"column":26},"end":{"line":3,"column":1}},"line":1}},"branchMap":{},"s":{"0":3,"1":1},"f":{"0":3},"b":{},"_coverageSchema":"1a1c01bbd47fc00a2c39e90264f33305004495a9","hash":"550fd4c49192e248d10fb5186d30fc086fb80162"}
,"/home/just-aga/Downloads/repos/odin-tdd-basics/reverseString.js": {"path":"/home/just-aga/Downloads/repos/odin-tdd-basics/reverseString.js","statementMap":{"0":{"start":{"line":2,"column":18},"end":{"line":2,"column":53}},"1":{"start":{"line":4,"column":2},"end":{"line":4,"column":19}},"2":{"start":{"line":7,"column":0},"end":{"line":7,"column":31}}},"fnMap":{"0":{"name":"reverseString","decl":{"start":{"line":1,"column":9},"end":{"line":1,"column":22}},"loc":{"start":{"line":1,"column":31},"end":{"line":5,"column":1}},"line":1}},"branchMap":{},"s":{"0":3,"1":3,"2":1},"f":{"0":3},"b":{},"_coverageSchema":"1a1c01bbd47fc00a2c39e90264f33305004495a9","hash":"1eba3aa4376397e77647abbd073605d1a81f7949"}
}
