TN:
SF:analyzeArray.js
FN:1,analyzeArray
FN:7,(anonymous_1)
FNF:2
FNH:2
FNDA:2,analyzeArray
FNDA:6,(anonymous_1)
DA:2,2
DA:3,1
DA:6,1
DA:7,6
DA:10,1
DA:12,1
DA:14,1
DA:16,1
DA:18,1
DA:26,1
LF:10
LH:10
BRDA:2,0,0,1
BRDA:2,0,1,1
BRDA:2,1,0,2
BRDA:2,1,1,2
BRF:4
BRH:4
end_of_record
TN:
SF:calculator.js
FN:1,calculator
FN:2,(anonymous_1)
FN:6,(anonymous_2)
FN:10,(anonymous_3)
FN:18,(anonymous_4)
FNF:5
FNH:5
FNDA:1,calculator
FNDA:1,(anonymous_1)
FNDA:1,(anonymous_2)
FNDA:2,(anonymous_3)
FNDA:1,(anonymous_4)
DA:2,1
DA:3,1
DA:6,1
DA:7,1
DA:10,1
DA:11,2
DA:12,1
DA:15,1
DA:18,1
DA:19,1
DA:22,1
DA:30,1
LF:12
LH:12
BRDA:11,0,0,1
BRDA:11,0,1,1
BRF:2
BRH:2
end_of_record
TN:
SF:capitalize.js
FN:1,capitalize
FNF:1
FNH:1
FNDA:3,capitalize
DA:2,3
DA:5,1
LF:2
LH:2
BRF:0
BRH:0
end_of_record
TN:
SF:reverseString.js
FN:1,reverseString
FNF:1
FNH:1
FNDA:3,reverseString
DA:2,3
DA:4,3
DA:7,1
LF:3
LH:3
BRF:0
BRH:0
end_of_record
